[00:00:57] [Server thread/ERROR]: Could not save data bhd@5e00e228
java.io.FileNotFoundException: ./world/data/raids.dat (No such file or directory)
	at java.io.FileOutputStream.open0(Native Method) ~[?:?]
	at java.io.FileOutputStream.open(FileOutputStream.java:291) ~[?:?]
	at java.io.FileOutputStream.<init>(FileOutputStream.java:234) ~[?:?]
	at java.io.FileOutputStream.<init>(FileOutputStream.java:184) ~[?:?]
	at mn.a(SourceFile:37) ~[server.jar:?]
	at cxs.a(SourceFile:51) ~[server.jar:?]
	at cyc.a(SourceFile:124) ~[server.jar:?]
	at aag.aj(SourceFile:717) ~[server.jar:?]
	at aag.a(SourceFile:705) ~[server.jar:?]
	at net.minecraft.server.MinecraftServer.a(SourceFile:567) ~[server.jar:?]
	at net.minecraft.server.MinecraftServer.a(SourceFile:830) ~[server.jar:?]
	at net.minecraft.server.MinecraftServer.w(SourceFile:670) ~[server.jar:?]
	at net.minecraft.server.MinecraftServer.a(SourceFile:257) ~[server.jar:?]
	at java.lang.Thread.run(Thread.java:832) [?:?]
[00:00:57] [Server thread/ERROR]: Could not save data bhd@4d011b51
java.io.FileNotFoundException: ./world/DIM-1/data/raids.dat (No such file or directory)
	at java.io.FileOutputStream.open0(Native Method) ~[?:?]
	at java.io.FileOutputStream.open(FileOutputStream.java:291) ~[?:?]
	at java.io.FileOutputStream.<init>(FileOutputStream.java:234) ~[?:?]
	at java.io.FileOutputStream.<init>(FileOutputStream.java:184) ~[?:?]
	at mn.a(SourceFile:37) ~[server.jar:?]
	at cxs.a(SourceFile:51) ~[server.jar:?]
	at cyc.a(SourceFile:124) ~[server.jar:?]
	at aag.aj(SourceFile:717) ~[server.jar:?]
	at aag.a(SourceFile:705) ~[server.jar:?]
	at net.minecraft.server.MinecraftServer.a(SourceFile:567) ~[server.jar:?]
	at net.minecraft.server.MinecraftServer.a(SourceFile:830) ~[server.jar:?]
	at net.minecraft.server.MinecraftServer.w(SourceFile:670) ~[server.jar:?]
	at net.minecraft.server.MinecraftServer.a(SourceFile:257) ~[server.jar:?]
	at java.lang.Thread.run(Thread.java:832) [?:?]
[00:00:57] [Server thread/ERROR]: Could not save data bhd@7e6659af
java.io.FileNotFoundException: ./world/DIM1/data/raids_end.dat (No such file or directory)
	at java.io.FileOutputStream.open0(Native Method) ~[?:?]
	at java.io.FileOutputStream.open(FileOutputStream.java:291) ~[?:?]
	at java.io.FileOutputStream.<init>(FileOutputStream.java:234) ~[?:?]
	at java.io.FileOutputStream.<init>(FileOutputStream.java:184) ~[?:?]
	at mn.a(SourceFile:37) ~[server.jar:?]
	at cxs.a(SourceFile:51) ~[server.jar:?]
	at cyc.a(SourceFile:124) ~[server.jar:?]
	at aag.aj(SourceFile:717) ~[server.jar:?]
	at aag.a(SourceFile:705) ~[server.jar:?]
	at net.minecraft.server.MinecraftServer.a(SourceFile:567) ~[server.jar:?]
	at net.minecraft.server.MinecraftServer.a(SourceFile:830) ~[server.jar:?]
	at net.minecraft.server.MinecraftServer.w(SourceFile:670) ~[server.jar:?]
	at net.minecraft.server.MinecraftServer.a(SourceFile:257) ~[server.jar:?]
	at java.lang.Thread.run(Thread.java:832) [?:?]
[00:00:57] [Server thread/ERROR]: Failed to save level ./world
java.io.IOException: No such file or directory
	at java.io.UnixFileSystem.createFileExclusively(Native Method) ~[?:?]
	at java.io.File.createTempFile(File.java:2107) ~[?:?]
	at cyg$a.a(SourceFile:354) ~[server.jar:?]
	at net.minecraft.server.MinecraftServer.a(SourceFile:574) ~[server.jar:?]
	at net.minecraft.server.MinecraftServer.a(SourceFile:830) ~[server.jar:?]
	at net.minecraft.server.MinecraftServer.w(SourceFile:670) ~[server.jar:?]
	at net.minecraft.server.MinecraftServer.a(SourceFile:257) ~[server.jar:?]
	at java.lang.Thread.run(Thread.java:832) [?:?]
[00:05:57] [Server thread/ERROR]: Could not save data bhd@5e00e228
java.io.FileNotFoundException: ./world/data/raids.dat (No such file or directory)
	at java.io.FileOutputStream.open0(Native Method) ~[?:?]
	at java.io.FileOutputStream.open(FileOutputStream.java:291) ~[?:?]
	at java.io.FileOutputStream.<init>(FileOutputStream.java:234) ~[?:?]
	at java.io.FileOutputStream.<init>(FileOutputStream.java:184) ~[?:?]
	at mn.a(SourceFile:37) ~[server.jar:?]
	at cxs.a(SourceFile:51) ~[server.jar:?]
	at cyc.a(SourceFile:124) ~[server.jar:?]
	at aag.aj(SourceFile:717) ~[server.jar:?]
	at aag.a(SourceFile:705) ~[server.jar:?]
	at net.minecraft.server.MinecraftServer.a(SourceFile:567) ~[server.jar:?]
	at net.minecraft.server.MinecraftServer.a(SourceFile:830) ~[server.jar:?]
	at net.minecraft.server.MinecraftServer.w(SourceFile:670) ~[server.jar:?]
	at net.minecraft.server.MinecraftServer.a(SourceFile:257) ~[server.jar:?]
	at java.lang.Thread.run(Thread.java:832) [?:?]
[00:05:57] [Server thread/ERROR]: Could not save data bhd@4d011b51
java.io.FileNotFoundException: ./world/DIM-1/data/raids.dat (No such file or directory)
	at java.io.FileOutputStream.open0(Native Method) ~[?:?]
	at java.io.FileOutputStream.open(FileOutputStream.java:291) ~[?:?]
	at java.io.FileOutputStream.<init>(FileOutputStream.java:234) ~[?:?]
	at java.io.FileOutputStream.<init>(FileOutputStream.java:184) ~[?:?]
	at mn.a(SourceFile:37) ~[server.jar:?]
	at cxs.a(SourceFile:51) ~[server.jar:?]
	at cyc.a(SourceFile:124) ~[server.jar:?]
	at aag.aj(SourceFile:717) ~[server.jar:?]
	at aag.a(SourceFile:705) ~[server.jar:?]
	at net.minecraft.server.MinecraftServer.a(SourceFile:567) ~[server.jar:?]
	at net.minecraft.server.MinecraftServer.a(SourceFile:830) ~[server.jar:?]
	at net.minecraft.server.MinecraftServer.w(SourceFile:670) ~[server.jar:?]
	at net.minecraft.server.MinecraftServer.a(SourceFile:257) ~[server.jar:?]
	at java.lang.Thread.run(Thread.java:832) [?:?]
[00:05:57] [Server thread/ERROR]: Could not save data bhd@7e6659af
java.io.FileNotFoundException: ./world/DIM1/data/raids_end.dat (No such file or directory)
	at java.io.FileOutputStream.open0(Native Method) ~[?:?]
	at java.io.FileOutputStream.open(FileOutputStream.java:291) ~[?:?]
	at java.io.FileOutputStream.<init>(FileOutputStream.java:234) ~[?:?]
	at java.io.FileOutputStream.<init>(FileOutputStream.java:184) ~[?:?]
	at mn.a(SourceFile:37) ~[server.jar:?]
	at cxs.a(SourceFile:51) ~[server.jar:?]
	at cyc.a(SourceFile:124) ~[server.jar:?]
	at aag.aj(SourceFile:717) ~[server.jar:?]
	at aag.a(SourceFile:705) ~[server.jar:?]
	at net.minecraft.server.MinecraftServer.a(SourceFile:567) ~[server.jar:?]
	at net.minecraft.server.MinecraftServer.a(SourceFile:830) ~[server.jar:?]
	at net.minecraft.server.MinecraftServer.w(SourceFile:670) ~[server.jar:?]
	at net.minecraft.server.MinecraftServer.a(SourceFile:257) ~[server.jar:?]
	at java.lang.Thread.run(Thread.java:832) [?:?]
[00:05:57] [Server thread/ERROR]: Failed to save level ./world
java.io.IOException: No such file or directory
	at java.io.UnixFileSystem.createFileExclusively(Native Method) ~[?:?]
	at java.io.File.createTempFile(File.java:2107) ~[?:?]
	at cyg$a.a(SourceFile:354) ~[server.jar:?]
	at net.minecraft.server.MinecraftServer.a(SourceFile:574) ~[server.jar:?]
	at net.minecraft.server.MinecraftServer.a(SourceFile:830) ~[server.jar:?]
	at net.minecraft.server.MinecraftServer.w(SourceFile:670) ~[server.jar:?]
	at net.minecraft.server.MinecraftServer.a(SourceFile:257) ~[server.jar:?]
	at java.lang.Thread.run(Thread.java:832) [?:?]
[00:10:57] [Server thread/ERROR]: Could not save data bhd@5e00e228
java.io.FileNotFoundException: ./world/data/raids.dat (No such file or directory)
	at java.io.FileOutputStream.open0(Native Method) ~[?:?]
	at java.io.FileOutputStream.open(FileOutputStream.java:291) ~[?:?]
	at java.io.FileOutputStream.<init>(FileOutputStream.java:234) ~[?:?]
	at java.io.FileOutputStream.<init>(FileOutputStream.java:184) ~[?:?]
	at mn.a(SourceFile:37) ~[server.jar:?]
	at cxs.a(SourceFile:51) ~[server.jar:?]
	at cyc.a(SourceFile:124) ~[server.jar:?]
	at aag.aj(SourceFile:717) ~[server.jar:?]
	at aag.a(SourceFile:705) ~[server.jar:?]
	at net.minecraft.server.MinecraftServer.a(SourceFile:567) ~[server.jar:?]
	at net.minecraft.server.MinecraftServer.a(SourceFile:830) ~[server.jar:?]
	at net.minecraft.server.MinecraftServer.w(SourceFile:670) ~[server.jar:?]
	at net.minecraft.server.MinecraftServer.a(SourceFile:257) ~[server.jar:?]
	at java.lang.Thread.run(Thread.java:832) [?:?]
[00:10:57] [Server thread/ERROR]: Could not save data bhd@4d011b51
java.io.FileNotFoundException: ./world/DIM-1/data/raids.dat (No such file or directory)
	at java.io.FileOutputStream.open0(Native Method) ~[?:?]
	at java.io.FileOutputStream.open(FileOutputStream.java:291) ~[?:?]
	at java.io.FileOutputStream.<init>(FileOutputStream.java:234) ~[?:?]
	at java.io.FileOutputStream.<init>(FileOutputStream.java:184) ~[?:?]
	at mn.a(SourceFile:37) ~[server.jar:?]
	at cxs.a(SourceFile:51) ~[server.jar:?]
	at cyc.a(SourceFile:124) ~[server.jar:?]
	at aag.aj(SourceFile:717) ~[server.jar:?]
	at aag.a(SourceFile:705) ~[server.jar:?]
	at net.minecraft.server.MinecraftServer.a(SourceFile:567) ~[server.jar:?]
	at net.minecraft.server.MinecraftServer.a(SourceFile:830) ~[server.jar:?]
	at net.minecraft.server.MinecraftServer.w(SourceFile:670) ~[server.jar:?]
	at net.minecraft.server.MinecraftServer.a(SourceFile:257) ~[server.jar:?]
	at java.lang.Thread.run(Thread.java:832) [?:?]
[00:10:57] [Server thread/ERROR]: Could not save data bhd@7e6659af
java.io.FileNotFoundException: ./world/DIM1/data/raids_end.dat (No such file or directory)
	at java.io.FileOutputStream.open0(Native Method) ~[?:?]
	at java.io.FileOutputStream.open(FileOutputStream.java:291) ~[?:?]
	at java.io.FileOutputStream.<init>(FileOutputStream.java:234) ~[?:?]
	at java.io.FileOutputStream.<init>(FileOutputStream.java:184) ~[?:?]
	at mn.a(SourceFile:37) ~[server.jar:?]
	at cxs.a(SourceFile:51) ~[server.jar:?]
	at cyc.a(SourceFile:124) ~[server.jar:?]
	at aag.aj(SourceFile:717) ~[server.jar:?]
	at aag.a(SourceFile:705) ~[server.jar:?]
	at net.minecraft.server.MinecraftServer.a(SourceFile:567) ~[server.jar:?]
	at net.minecraft.server.MinecraftServer.a(SourceFile:830) ~[server.jar:?]
	at net.minecraft.server.MinecraftServer.w(SourceFile:670) ~[server.jar:?]
	at net.minecraft.server.MinecraftServer.a(SourceFile:257) ~[server.jar:?]
	at java.lang.Thread.run(Thread.java:832) [?:?]
[00:10:57] [Server thread/ERROR]: Failed to save level ./world
java.io.IOException: No such file or directory
	at java.io.UnixFileSystem.createFileExclusively(Native Method) ~[?:?]
	at java.io.File.createTempFile(File.java:2107) ~[?:?]
	at cyg$a.a(SourceFile:354) ~[server.jar:?]
	at net.minecraft.server.MinecraftServer.a(SourceFile:574) ~[server.jar:?]
	at net.minecraft.server.MinecraftServer.a(SourceFile:830) ~[server.jar:?]
	at net.minecraft.server.MinecraftServer.w(SourceFile:670) ~[server.jar:?]
	at net.minecraft.server.MinecraftServer.a(SourceFile:257) ~[server.jar:?]
	at java.lang.Thread.run(Thread.java:832) [?:?]
[04:14:16] [Server thread/WARN]: Can't keep up! Is the server overloaded? Running 7560ms or 151 ticks behind
[07:52:53] [Server thread/WARN]: Can't keep up! Is the server overloaded? Running 2811ms or 56 ticks behind
[11:53:17] [Server thread/WARN]: Can't keep up! Is the server overloaded? Running 2262ms or 45 ticks behind
[12:15:15] [Server thread/ERROR]: Could not save data bhd@5e00e228
java.io.FileNotFoundException: ./world/data/raids.dat (No such file or directory)
	at java.io.FileOutputStream.open0(Native Method) ~[?:?]
	at java.io.FileOutputStream.open(FileOutputStream.java:291) ~[?:?]
	at java.io.FileOutputStream.<init>(FileOutputStream.java:234) ~[?:?]
	at java.io.FileOutputStream.<init>(FileOutputStream.java:184) ~[?:?]
	at mn.a(SourceFile:37) ~[server.jar:?]
	at cxs.a(SourceFile:51) ~[server.jar:?]
	at cyc.a(SourceFile:124) ~[server.jar:?]
	at aag.aj(SourceFile:717) ~[server.jar:?]
	at aag.a(SourceFile:705) ~[server.jar:?]
	at net.minecraft.server.MinecraftServer.a(SourceFile:567) ~[server.jar:?]
	at net.minecraft.server.MinecraftServer.a(SourceFile:830) ~[server.jar:?]
	at net.minecraft.server.MinecraftServer.w(SourceFile:670) ~[server.jar:?]
	at net.minecraft.server.MinecraftServer.a(SourceFile:257) ~[server.jar:?]
	at java.lang.Thread.run(Thread.java:832) [?:?]
[12:15:15] [Server thread/ERROR]: Could not save data bhd@4d011b51
java.io.FileNotFoundException: ./world/DIM-1/data/raids.dat (No such file or directory)
	at java.io.FileOutputStream.open0(Native Method) ~[?:?]
	at java.io.FileOutputStream.open(FileOutputStream.java:291) ~[?:?]
	at java.io.FileOutputStream.<init>(FileOutputStream.java:234) ~[?:?]
	at java.io.FileOutputStream.<init>(FileOutputStream.java:184) ~[?:?]
	at mn.a(SourceFile:37) ~[server.jar:?]
	at cxs.a(SourceFile:51) ~[server.jar:?]
	at cyc.a(SourceFile:124) ~[server.jar:?]
	at aag.aj(SourceFile:717) ~[server.jar:?]
	at aag.a(SourceFile:705) ~[server.jar:?]
	at net.minecraft.server.MinecraftServer.a(SourceFile:567) ~[server.jar:?]
	at net.minecraft.server.MinecraftServer.a(SourceFile:830) ~[server.jar:?]
	at net.minecraft.server.MinecraftServer.w(SourceFile:670) ~[server.jar:?]
	at net.minecraft.server.MinecraftServer.a(SourceFile:257) ~[server.jar:?]
	at java.lang.Thread.run(Thread.java:832) [?:?]
[12:15:15] [Server thread/ERROR]: Could not save data bhd@7e6659af
java.io.FileNotFoundException: ./world/DIM1/data/raids_end.dat (No such file or directory)
	at java.io.FileOutputStream.open0(Native Method) ~[?:?]
	at java.io.FileOutputStream.open(FileOutputStream.java:291) ~[?:?]
	at java.io.FileOutputStream.<init>(FileOutputStream.java:234) ~[?:?]
	at java.io.FileOutputStream.<init>(FileOutputStream.java:184) ~[?:?]
	at mn.a(SourceFile:37) ~[server.jar:?]
	at cxs.a(SourceFile:51) ~[server.jar:?]
	at cyc.a(SourceFile:124) ~[server.jar:?]
	at aag.aj(SourceFile:717) ~[server.jar:?]
	at aag.a(SourceFile:705) ~[server.jar:?]
	at net.minecraft.server.MinecraftServer.a(SourceFile:567) ~[server.jar:?]
	at net.minecraft.server.MinecraftServer.a(SourceFile:830) ~[server.jar:?]
	at net.minecraft.server.MinecraftServer.w(SourceFile:670) ~[server.jar:?]
	at net.minecraft.server.MinecraftServer.a(SourceFile:257) ~[server.jar:?]
	at java.lang.Thread.run(Thread.java:832) [?:?]
[12:15:15] [Server thread/ERROR]: Failed to save level ./world
java.io.IOException: No such file or directory
	at java.io.UnixFileSystem.createFileExclusively(Native Method) ~[?:?]
	at java.io.File.createTempFile(File.java:2107) ~[?:?]
	at cyg$a.a(SourceFile:354) ~[server.jar:?]
	at net.minecraft.server.MinecraftServer.a(SourceFile:574) ~[server.jar:?]
	at net.minecraft.server.MinecraftServer.a(SourceFile:830) ~[server.jar:?]
	at net.minecraft.server.MinecraftServer.w(SourceFile:670) ~[server.jar:?]
	at net.minecraft.server.MinecraftServer.a(SourceFile:257) ~[server.jar:?]
	at java.lang.Thread.run(Thread.java:832) [?:?]
[13:15:02] [Server thread/WARN]: Can't keep up! Is the server overloaded? Running 3153ms or 63 ticks behind
